Watching for file changes with StatReloader
Rutas cargadas: [<URLPattern 'generate-csrf/' [name='generate-csrf']>, <URLResolver <URLPattern list> (None:None) '/'>, <URLPattern 'login/' [name='user_login']>, <URLPattern 'user-info/' [name='user-info']>, <URLPattern 'logout/' [name='user_logout']>, <URLPattern 'user-details/' [name='user_details']>, <URLPattern 'usuario/' [name='usuario-list']>, <URLPattern 'personal/' [name='personal-list']>, <URLPattern 'direccion/' [name='direccion-list']>, <URLPattern 'obtener-datos-combinados/' [name='obtener_datos_combinados']>]
C:\Users\nsque\OneDrive\Documentos\IPLACEX\2024\PROYECTO_TITULO\app\mdappclientv2\backend\backend\settings.py changed, reloading.
Watching for file changes with StatReloader
Rutas cargadas: [<URLPattern 'generate-csrf/' [name='generate-csrf']>, <URLResolver <URLPattern list> (None:None) '/'>, <URLPattern 'login/' [name='user_login']>, <URLPattern 'user-info/' [name='user-info']>, <URLPattern 'logout/' [name='user_logout']>, <URLPattern 'user-details/' [name='user_details']>, <URLPattern 'usuario/' [name='usuario-list']>, <URLPattern 'personal/' [name='personal-list']>, <URLPattern 'direccion/' [name='direccion-list']>, <URLPattern 'obtener-datos-combinados/' [name='obtener_datos_combinados']>]
Forbidden (CSRF cookie not set.): /api/auth/login/
Forbidden (CSRF cookie not set.): /api/auth/login/
C:\Users\nsque\OneDrive\Documentos\IPLACEX\2024\PROYECTO_TITULO\app\mdappclientv2\backend\authentication\views.py changed, reloading.
Watching for file changes with StatReloader
Rutas cargadas: [<URLPattern 'generate-csrf/' [name='generate-csrf']>, <URLResolver <URLPattern list> (None:None) '/'>, <URLPattern 'login/' [name='user_login']>, <URLPattern 'user-info/' [name='user-info']>, <URLPattern 'logout/' [name='user_logout']>, <URLPattern 'user-details/' [name='user_details']>, <URLPattern 'usuario/' [name='usuario-list']>, <URLPattern 'personal/' [name='personal-list']>, <URLPattern 'direccion/' [name='direccion-list']>, <URLPattern 'obtener-datos-combinados/' [name='obtener_datos_combinados']>]
Forbidden (CSRF cookie not set.): /api/auth/login/
C:\Users\nsque\OneDrive\Documentos\IPLACEX\2024\PROYECTO_TITULO\app\mdappclientv2\backend\authentication\views.py changed, reloading.
Watching for file changes with StatReloader
Rutas cargadas: [<URLPattern 'generate-csrf/' [name='generate-csrf']>, <URLResolver <URLPattern list> (None:None) '/'>, <URLPattern 'login/' [name='user_login']>, <URLPattern 'user-info/' [name='user-info']>, <URLPattern 'logout/' [name='user_logout']>, <URLPattern 'user-details/' [name='user_details']>, <URLPattern 'usuario/' [name='usuario-list']>, <URLPattern 'personal/' [name='personal-list']>, <URLPattern 'direccion/' [name='direccion-list']>, <URLPattern 'obtener-datos-combinados/' [name='obtener_datos_combinados']>]
C:\Users\nsque\OneDrive\Documentos\IPLACEX\2024\PROYECTO_TITULO\app\mdappclientv2\backend\authentication\views.py changed, reloading.
Watching for file changes with StatReloader
Rutas cargadas: [<URLPattern 'generate-csrf/' [name='generate-csrf']>, <URLResolver <URLPattern list> (None:None) '/'>, <URLPattern 'login/' [name='user_login']>, <URLPattern 'user-info/' [name='user-info']>, <URLPattern 'logout/' [name='user_logout']>, <URLPattern 'user-details/' [name='user_details']>, <URLPattern 'usuario/' [name='usuario-list']>, <URLPattern 'personal/' [name='personal-list']>, <URLPattern 'direccion/' [name='direccion-list']>, <URLPattern 'obtener-datos-combinados/' [name='obtener_datos_combinados']>]
C:\Users\nsque\OneDrive\Documentos\IPLACEX\2024\PROYECTO_TITULO\app\mdappclientv2\backend\authentication\views.py changed, reloading.
Watching for file changes with StatReloader
Rutas cargadas: [<URLPattern 'generate-csrf/' [name='generate-csrf']>, <URLResolver <URLPattern list> (None:None) '/'>, <URLPattern 'login/' [name='user_login']>, <URLPattern 'user-info/' [name='user-info']>, <URLPattern 'logout/' [name='user_logout']>, <URLPattern 'user-details/' [name='user_details']>, <URLPattern 'usuario/' [name='usuario-list']>, <URLPattern 'personal/' [name='personal-list']>, <URLPattern 'direccion/' [name='direccion-list']>, <URLPattern 'obtener-datos-combinados/' [name='obtener_datos_combinados']>]
Internal Server Error: /api/auth/login/
Traceback (most recent call last):
  File "C:\Users\nsque\OneDrive\Documentos\IPLACEX\2024\PROYECTO_TITULO\app\mdappclientv2\env\Lib\site-packages\django\core\handlers\exception.py", line 55, in inner
    response = get_response(request)
               ^^^^^^^^^^^^^^^^^^^^^
  File "C:\Users\nsque\OneDrive\Documentos\IPLACEX\2024\PROYECTO_TITULO\app\mdappclientv2\env\Lib\site-packages\django\core\handlers\base.py", line 197, in _get_response
    response = wrapped_callback(request, *callback_args, **callback_kwargs)
               ^^^^^^^^^^^^^^^^^^^^^^^^^^^^^^^^^^^^^^^^^^^^^^^^^^^^^^^^^^^^
  File "C:\Users\nsque\OneDrive\Documentos\IPLACEX\2024\PROYECTO_TITULO\app\mdappclientv2\env\Lib\site-packages\django\views\decorators\csrf.py", line 65, in _view_wrapper
    return view_func(request, *args, **kwargs)
           ^^^^^^^^^^^^^^^^^^^^^^^^^^^^^^^^^^^
  File "C:\Users\nsque\OneDrive\Documentos\IPLACEX\2024\PROYECTO_TITULO\app\mdappclientv2\backend\authentication\views.py", line 65, in user_login
    "nombre": user.username,
              ^^^^^^^^^^^^^
AttributeError: 'Usuario' object has no attribute 'username'
C:\Users\nsque\OneDrive\Documentos\IPLACEX\2024\PROYECTO_TITULO\app\mdappclientv2\backend\authentication\views.py changed, reloading.
Watching for file changes with StatReloader
Rutas cargadas: [<URLPattern 'generate-csrf/' [name='generate-csrf']>, <URLResolver <URLPattern list> (None:None) '/'>, <URLPattern 'login/' [name='user_login']>, <URLPattern 'user-info/' [name='user-info']>, <URLPattern 'logout/' [name='user_logout']>, <URLPattern 'user-details/' [name='user_details']>, <URLPattern 'usuario/' [name='usuario-list']>, <URLPattern 'personal/' [name='personal-list']>, <URLPattern 'direccion/' [name='direccion-list']>, <URLPattern 'obtener-datos-combinados/' [name='obtener_datos_combinados']>]
Usuarios recuperados: [{'password': 'pbkdf2_sha256$870000$Wca2Yejg5UgY8MXZZq3EDA$h4KDtjS3vFOaYpwU2bsd/wZUwiCeR95RUGfC+i0Meew=', 'last_login': datetime.datetime(2024, 11, 16, 12, 39, 30, 779000, tzinfo=datetime.timezone.utc), 'id_usuario': 1, 'nom_usuario': 'fsuarez', 'hk_contrasena': '', 'id_personal_id': 3, 'estado': 'Activo', 'is_active': True, 'is_staff': True, 'is_superuser': True}, {'password': 'pbkdf2_sha256$870000$018lPUaAx6SfRgGgwhEnHb$th7fL/at5UU/d7GXrXEdbQCDXeA3j3rShyGRD9NYh74=', 'last_login': datetime.datetime(2024, 11, 16, 12, 36, 11, 488000, tzinfo=datetime.timezone.utc), 'id_usuario': 2, 'nom_usuario': 'fsotelo', 'hk_contrasena': '', 'id_personal_id': 1, 'estado': 'Activo', 'is_active': True, 'is_staff': True, 'is_superuser': True}, {'password': 'pbkdf2_sha256$870000$64MbdR77WvkllknkO0MjLM$LQqjpJBWmDRA7xP9a12iZgzKhYWRtwHZo6ejd/ACyUo=', 'last_login': datetime.datetime(2024, 11, 19, 17, 47, 11, 506478, tzinfo=datetime.timezone.utc), 'id_usuario': 6, 'nom_usuario': 'jperez', 'hk_contrasena': '', 'id_personal_id': 4, 'estado': 'Activo', 'is_active': True, 'is_staff': False, 'is_superuser': False}, {'password': 'pbkdf2_sha256$870000$ty8zM3WvoL63I2fUzYYzKx$2HXENlmCiAyA5Y1pAhDFyCh8ZiXhRfWKh083eR2MJnQ=', 'last_login': datetime.datetime(2024, 11, 21, 0, 55, 0, 999512, tzinfo=datetime.timezone.utc), 'id_usuario': 3, 'nom_usuario': 'admin', 'hk_contrasena': '', 'id_personal_id': 8, 'estado': 'Activo', 'is_active': True, 'is_staff': True, 'is_superuser': True}, {'password': 'pbkdf2_sha256$870000$Ct9X4ZrE7ehmJvFWj2Wbr4$1yndzRSQGclQcU6p3TEqwg5oFFqHzZQhuHjOua8lAW0=', 'last_login': None, 'id_usuario': 8, 'nom_usuario': 'xmejias', 'hk_contrasena': '', 'id_personal_id': 18, 'estado': 'Activo', 'is_active': True, 'is_staff': False, 'is_superuser': False}]
Usuarios recuperados: [{'password': 'pbkdf2_sha256$870000$Wca2Yejg5UgY8MXZZq3EDA$h4KDtjS3vFOaYpwU2bsd/wZUwiCeR95RUGfC+i0Meew=', 'last_login': datetime.datetime(2024, 11, 16, 12, 39, 30, 779000, tzinfo=datetime.timezone.utc), 'id_usuario': 1, 'nom_usuario': 'fsuarez', 'hk_contrasena': '', 'id_personal_id': 3, 'estado': 'Activo', 'is_active': True, 'is_staff': True, 'is_superuser': True}, {'password': 'pbkdf2_sha256$870000$018lPUaAx6SfRgGgwhEnHb$th7fL/at5UU/d7GXrXEdbQCDXeA3j3rShyGRD9NYh74=', 'last_login': datetime.datetime(2024, 11, 16, 12, 36, 11, 488000, tzinfo=datetime.timezone.utc), 'id_usuario': 2, 'nom_usuario': 'fsotelo', 'hk_contrasena': '', 'id_personal_id': 1, 'estado': 'Activo', 'is_active': True, 'is_staff': True, 'is_superuser': True}, {'password': 'pbkdf2_sha256$870000$64MbdR77WvkllknkO0MjLM$LQqjpJBWmDRA7xP9a12iZgzKhYWRtwHZo6ejd/ACyUo=', 'last_login': datetime.datetime(2024, 11, 19, 17, 47, 11, 506478, tzinfo=datetime.timezone.utc), 'id_usuario': 6, 'nom_usuario': 'jperez', 'hk_contrasena': '', 'id_personal_id': 4, 'estado': 'Activo', 'is_active': True, 'is_staff': False, 'is_superuser': False}, {'password': 'pbkdf2_sha256$870000$ty8zM3WvoL63I2fUzYYzKx$2HXENlmCiAyA5Y1pAhDFyCh8ZiXhRfWKh083eR2MJnQ=', 'last_login': datetime.datetime(2024, 11, 21, 0, 55, 0, 999512, tzinfo=datetime.timezone.utc), 'id_usuario': 3, 'nom_usuario': 'admin', 'hk_contrasena': '', 'id_personal_id': 8, 'estado': 'Activo', 'is_active': True, 'is_staff': True, 'is_superuser': True}, {'password': 'pbkdf2_sha256$870000$Ct9X4ZrE7ehmJvFWj2Wbr4$1yndzRSQGclQcU6p3TEqwg5oFFqHzZQhuHjOua8lAW0=', 'last_login': None, 'id_usuario': 8, 'nom_usuario': 'xmejias', 'hk_contrasena': '', 'id_personal_id': 18, 'estado': 'Activo', 'is_active': True, 'is_staff': False, 'is_superuser': False}]
Forbidden (CSRF cookie not set.): /api/auth/direccion/
Forbidden (CSRF cookie not set.): /api/auth/logout/
Forbidden (CSRF cookie not set.): /api/auth/logout/
Forbidden (CSRF cookie not set.): /api/auth/logout/
Forbidden (CSRF cookie not set.): /api/auth/logout/
Forbidden (CSRF cookie not set.): /api/auth/logout/
C:\Users\nsque\OneDrive\Documentos\IPLACEX\2024\PROYECTO_TITULO\app\mdappclientv2\backend\authentication\views.py changed, reloading.
Watching for file changes with StatReloader
Rutas cargadas: [<URLPattern 'generate-csrf/' [name='generate-csrf']>, <URLResolver <URLPattern list> (None:None) '/'>, <URLPattern 'login/' [name='user_login']>, <URLPattern 'user-info/' [name='user-info']>, <URLPattern 'logout/' [name='user_logout']>, <URLPattern 'user-details/' [name='user_details']>, <URLPattern 'usuario/' [name='usuario-list']>, <URLPattern 'personal/' [name='personal-list']>, <URLPattern 'direccion/' [name='direccion-list']>, <URLPattern 'obtener-datos-combinados/' [name='obtener_datos_combinados']>]
Usuarios recuperados: [{'password': 'pbkdf2_sha256$870000$Wca2Yejg5UgY8MXZZq3EDA$h4KDtjS3vFOaYpwU2bsd/wZUwiCeR95RUGfC+i0Meew=', 'last_login': datetime.datetime(2024, 11, 16, 12, 39, 30, 779000, tzinfo=datetime.timezone.utc), 'id_usuario': 1, 'nom_usuario': 'fsuarez', 'hk_contrasena': '', 'id_personal_id': 3, 'estado': 'Activo', 'is_active': True, 'is_staff': True, 'is_superuser': True}, {'password': 'pbkdf2_sha256$870000$018lPUaAx6SfRgGgwhEnHb$th7fL/at5UU/d7GXrXEdbQCDXeA3j3rShyGRD9NYh74=', 'last_login': datetime.datetime(2024, 11, 16, 12, 36, 11, 488000, tzinfo=datetime.timezone.utc), 'id_usuario': 2, 'nom_usuario': 'fsotelo', 'hk_contrasena': '', 'id_personal_id': 1, 'estado': 'Activo', 'is_active': True, 'is_staff': True, 'is_superuser': True}, {'password': 'pbkdf2_sha256$870000$64MbdR77WvkllknkO0MjLM$LQqjpJBWmDRA7xP9a12iZgzKhYWRtwHZo6ejd/ACyUo=', 'last_login': datetime.datetime(2024, 11, 19, 17, 47, 11, 506478, tzinfo=datetime.timezone.utc), 'id_usuario': 6, 'nom_usuario': 'jperez', 'hk_contrasena': '', 'id_personal_id': 4, 'estado': 'Activo', 'is_active': True, 'is_staff': False, 'is_superuser': False}, {'password': 'pbkdf2_sha256$870000$ty8zM3WvoL63I2fUzYYzKx$2HXENlmCiAyA5Y1pAhDFyCh8ZiXhRfWKh083eR2MJnQ=', 'last_login': datetime.datetime(2024, 11, 21, 0, 59, 30, 336870, tzinfo=datetime.timezone.utc), 'id_usuario': 3, 'nom_usuario': 'admin', 'hk_contrasena': '', 'id_personal_id': 8, 'estado': 'Activo', 'is_active': True, 'is_staff': True, 'is_superuser': True}, {'password': 'pbkdf2_sha256$870000$Ct9X4ZrE7ehmJvFWj2Wbr4$1yndzRSQGclQcU6p3TEqwg5oFFqHzZQhuHjOua8lAW0=', 'last_login': None, 'id_usuario': 8, 'nom_usuario': 'xmejias', 'hk_contrasena': '', 'id_personal_id': 18, 'estado': 'Activo', 'is_active': True, 'is_staff': False, 'is_superuser': False}]
Usuarios recuperados: [{'password': 'pbkdf2_sha256$870000$Wca2Yejg5UgY8MXZZq3EDA$h4KDtjS3vFOaYpwU2bsd/wZUwiCeR95RUGfC+i0Meew=', 'last_login': datetime.datetime(2024, 11, 16, 12, 39, 30, 779000, tzinfo=datetime.timezone.utc), 'id_usuario': 1, 'nom_usuario': 'fsuarez', 'hk_contrasena': '', 'id_personal_id': 3, 'estado': 'Activo', 'is_active': True, 'is_staff': True, 'is_superuser': True}, {'password': 'pbkdf2_sha256$870000$018lPUaAx6SfRgGgwhEnHb$th7fL/at5UU/d7GXrXEdbQCDXeA3j3rShyGRD9NYh74=', 'last_login': datetime.datetime(2024, 11, 16, 12, 36, 11, 488000, tzinfo=datetime.timezone.utc), 'id_usuario': 2, 'nom_usuario': 'fsotelo', 'hk_contrasena': '', 'id_personal_id': 1, 'estado': 'Activo', 'is_active': True, 'is_staff': True, 'is_superuser': True}, {'password': 'pbkdf2_sha256$870000$64MbdR77WvkllknkO0MjLM$LQqjpJBWmDRA7xP9a12iZgzKhYWRtwHZo6ejd/ACyUo=', 'last_login': datetime.datetime(2024, 11, 19, 17, 47, 11, 506478, tzinfo=datetime.timezone.utc), 'id_usuario': 6, 'nom_usuario': 'jperez', 'hk_contrasena': '', 'id_personal_id': 4, 'estado': 'Activo', 'is_active': True, 'is_staff': False, 'is_superuser': False}, {'password': 'pbkdf2_sha256$870000$ty8zM3WvoL63I2fUzYYzKx$2HXENlmCiAyA5Y1pAhDFyCh8ZiXhRfWKh083eR2MJnQ=', 'last_login': datetime.datetime(2024, 11, 21, 0, 59, 30, 336870, tzinfo=datetime.timezone.utc), 'id_usuario': 3, 'nom_usuario': 'admin', 'hk_contrasena': '', 'id_personal_id': 8, 'estado': 'Activo', 'is_active': True, 'is_staff': True, 'is_superuser': True}, {'password': 'pbkdf2_sha256$870000$Ct9X4ZrE7ehmJvFWj2Wbr4$1yndzRSQGclQcU6p3TEqwg5oFFqHzZQhuHjOua8lAW0=', 'last_login': None, 'id_usuario': 8, 'nom_usuario': 'xmejias', 'hk_contrasena': '', 'id_personal_id': 18, 'estado': 'Activo', 'is_active': True, 'is_staff': False, 'is_superuser': False}]
Forbidden (CSRF cookie not set.): /api/auth/direccion/
Forbidden: /api/auth//direccion/
Forbidden (CSRF cookie not set.): /api/auth/direccion/
Forbidden (CSRF cookie not set.): /api/auth/direccion/5/
Forbidden (CSRF cookie not set.): /api/auth/direccion/
C:\Users\nsque\OneDrive\Documentos\IPLACEX\2024\PROYECTO_TITULO\app\mdappclientv2\backend\backend\settings.py changed, reloading.
Watching for file changes with StatReloader
Rutas cargadas: [<URLPattern 'generate-csrf/' [name='generate-csrf']>, <URLResolver <URLPattern list> (None:None) '/'>, <URLPattern 'login/' [name='user_login']>, <URLPattern 'user-info/' [name='user-info']>, <URLPattern 'logout/' [name='user_logout']>, <URLPattern 'user-details/' [name='user_details']>, <URLPattern 'usuario/' [name='usuario-list']>, <URLPattern 'personal/' [name='personal-list']>, <URLPattern 'direccion/' [name='direccion-list']>, <URLPattern 'obtener-datos-combinados/' [name='obtener_datos_combinados']>]
C:\Users\nsque\OneDrive\Documentos\IPLACEX\2024\PROYECTO_TITULO\app\mdappclientv2\backend\backend\settings.py changed, reloading.
Watching for file changes with StatReloader
Rutas cargadas: [<URLPattern 'generate-csrf/' [name='generate-csrf']>, <URLResolver <URLPattern list> (None:None) '/'>, <URLPattern 'login/' [name='user_login']>, <URLPattern 'user-info/' [name='user-info']>, <URLPattern 'logout/' [name='user_logout']>, <URLPattern 'user-details/' [name='user_details']>, <URLPattern 'usuario/' [name='usuario-list']>, <URLPattern 'personal/' [name='personal-list']>, <URLPattern 'direccion/' [name='direccion-list']>, <URLPattern 'obtener-datos-combinados/' [name='obtener_datos_combinados']>]
C:\Users\nsque\OneDrive\Documentos\IPLACEX\2024\PROYECTO_TITULO\app\mdappclientv2\backend\backend\settings.py changed, reloading.
Watching for file changes with StatReloader
Rutas cargadas: [<URLPattern 'generate-csrf/' [name='generate-csrf']>, <URLResolver <URLPattern list> (None:None) '/'>, <URLPattern 'login/' [name='user_login']>, <URLPattern 'user-info/' [name='user-info']>, <URLPattern 'logout/' [name='user_logout']>, <URLPattern 'user-details/' [name='user_details']>, <URLPattern 'usuario/' [name='usuario-list']>, <URLPattern 'personal/' [name='personal-list']>, <URLPattern 'direccion/' [name='direccion-list']>, <URLPattern 'obtener-datos-combinados/' [name='obtener_datos_combinados']>]
Forbidden: /api/auth//direccion/
Forbidden: /api/auth//direccion/
Forbidden (CSRF cookie not set.): /api/auth/direccion/
C:\Users\nsque\OneDrive\Documentos\IPLACEX\2024\PROYECTO_TITULO\app\mdappclientv2\backend\backend\settings.py changed, reloading.
Watching for file changes with StatReloader
Rutas cargadas: [<URLPattern 'generate-csrf/' [name='generate-csrf']>, <URLResolver <URLPattern list> (None:None) '/'>, <URLPattern 'login/' [name='user_login']>, <URLPattern 'user-info/' [name='user-info']>, <URLPattern 'logout/' [name='user_logout']>, <URLPattern 'user-details/' [name='user_details']>, <URLPattern 'usuario/' [name='usuario-list']>, <URLPattern 'personal/' [name='personal-list']>, <URLPattern 'direccion/' [name='direccion-list']>, <URLPattern 'obtener-datos-combinados/' [name='obtener_datos_combinados']>]
Forbidden (CSRF cookie not set.): /api/auth/direccion/
Forbidden (CSRF cookie not set.): /api/auth/direccion/
C:\Users\nsque\OneDrive\Documentos\IPLACEX\2024\PROYECTO_TITULO\app\mdappclientv2\backend\authentication\views.py changed, reloading.
Watching for file changes with StatReloader
Rutas cargadas: [<URLPattern 'generate-csrf/' [name='generate-csrf']>, <URLResolver <URLPattern list> (None:None) '/'>, <URLPattern 'login/' [name='user_login']>, <URLPattern 'user-info/' [name='user-info']>, <URLPattern 'logout/' [name='user_logout']>, <URLPattern 'user-details/' [name='user_details']>, <URLPattern 'usuario/' [name='usuario-list']>, <URLPattern 'personal/' [name='personal-list']>, <URLPattern 'direccion/' [name='direccion-list']>, <URLPattern 'obtener-datos-combinados/' [name='obtener_datos_combinados']>]
Forbidden (CSRF cookie not set.): /api/auth/direccion/
Forbidden: /api/auth//direccion/
Forbidden: /api/auth//direccion/
Forbidden: /api/auth//direccion/
Forbidden (CSRF cookie not set.): /api/auth/direccion/
Forbidden (CSRF cookie not set.): /api/auth/direccion/
Forbidden (CSRF cookie not set.): /api/auth/direccion/
C:\Users\nsque\OneDrive\Documentos\IPLACEX\2024\PROYECTO_TITULO\app\mdappclientv2\backend\backend\settings.py changed, reloading.
Watching for file changes with StatReloader
Rutas cargadas: [<URLPattern 'generate-csrf/' [name='generate-csrf']>, <URLResolver <URLPattern list> (None:None) '/'>, <URLPattern 'login/' [name='user_login']>, <URLPattern 'user-info/' [name='user-info']>, <URLPattern 'logout/' [name='user_logout']>, <URLPattern 'user-details/' [name='user_details']>, <URLPattern 'usuario/' [name='usuario-list']>, <URLPattern 'personal/' [name='personal-list']>, <URLPattern 'direccion/' [name='direccion-list']>, <URLPattern 'obtener-datos-combinados/' [name='obtener_datos_combinados']>]
Forbidden: /api/auth//direccion/
Forbidden: /api/auth//direccion/
C:\Users\nsque\OneDrive\Documentos\IPLACEX\2024\PROYECTO_TITULO\app\mdappclientv2\backend\backend\settings.py changed, reloading.
Watching for file changes with StatReloader
Rutas cargadas: [<URLPattern 'generate-csrf/' [name='generate-csrf']>, <URLResolver <URLPattern list> (None:None) '/'>, <URLPattern 'login/' [name='user_login']>, <URLPattern 'user-info/' [name='user-info']>, <URLPattern 'logout/' [name='user_logout']>, <URLPattern 'user-details/' [name='user_details']>, <URLPattern 'usuario/' [name='usuario-list']>, <URLPattern 'personal/' [name='personal-list']>, <URLPattern 'direccion/' [name='direccion-list']>, <URLPattern 'obtener-datos-combinados/' [name='obtener_datos_combinados']>]
Forbidden (CSRF cookie not set.): /api/auth/direccion/
C:\Users\nsque\OneDrive\Documentos\IPLACEX\2024\PROYECTO_TITULO\app\mdappclientv2\backend\backend\settings.py changed, reloading.
Watching for file changes with StatReloader
Rutas cargadas: [<URLPattern 'generate-csrf/' [name='generate-csrf']>, <URLResolver <URLPattern list> (None:None) '/'>, <URLPattern 'login/' [name='user_login']>, <URLPattern 'user-info/' [name='user-info']>, <URLPattern 'logout/' [name='user_logout']>, <URLPattern 'user-details/' [name='user_details']>, <URLPattern 'usuario/' [name='usuario-list']>, <URLPattern 'personal/' [name='personal-list']>, <URLPattern 'direccion/' [name='direccion-list']>, <URLPattern 'obtener-datos-combinados/' [name='obtener_datos_combinados']>]
Forbidden (CSRF cookie not set.): /api/auth/direccion/
C:\Users\nsque\OneDrive\Documentos\IPLACEX\2024\PROYECTO_TITULO\app\mdappclientv2\backend\authentication\views.py changed, reloading.
Watching for file changes with StatReloader
Rutas cargadas: [<URLPattern 'generate-csrf/' [name='generate-csrf']>, <URLResolver <URLPattern list> (None:None) '/'>, <URLPattern 'login/' [name='user_login']>, <URLPattern 'user-info/' [name='user-info']>, <URLPattern 'logout/' [name='user_logout']>, <URLPattern 'user-details/' [name='user_details']>, <URLPattern 'usuario/' [name='usuario-list']>, <URLPattern 'personal/' [name='personal-list']>, <URLPattern 'direccion/' [name='direccion-list']>, <URLPattern 'obtener-datos-combinados/' [name='obtener_datos_combinados']>]
Forbidden (CSRF cookie not set.): /api/auth/direccion/
Watching for file changes with StatReloader
Rutas cargadas: [<URLPattern 'generate-csrf/' [name='generate-csrf']>, <URLResolver <URLPattern list> (None:None) '/'>, <URLPattern 'login/' [name='user_login']>, <URLPattern 'user-info/' [name='user-info']>, <URLPattern 'logout/' [name='user_logout']>, <URLPattern 'user-details/' [name='user_details']>, <URLPattern 'usuario/' [name='usuario-list']>, <URLPattern 'personal/' [name='personal-list']>, <URLPattern 'direccion/' [name='direccion-list']>, <URLPattern 'obtener-datos-combinados/' [name='obtener_datos_combinados']>]
Forbidden (CSRF cookie not set.): /api/auth/direccion/
Unauthorized: /api/auth/login/
Watching for file changes with StatReloader
Rutas cargadas: [<URLPattern 'generate-csrf/' [name='generate-csrf']>, <URLResolver <URLPattern list> (None:None) '/'>, <URLPattern 'login/' [name='user_login']>, <URLPattern 'user-info/' [name='user-info']>, <URLPattern 'logout/' [name='user_logout']>, <URLPattern 'user-details/' [name='user_details']>, <URLPattern 'usuario/' [name='usuario-list']>, <URLPattern 'personal/' [name='personal-list']>, <URLPattern 'direccion/' [name='direccion-list']>, <URLPattern 'obtener-datos-combinados/' [name='obtener_datos_combinados']>]
Unauthorized: /api/auth/login/
Forbidden: /api/auth//direccion/
C:\Users\nsque\OneDrive\Documentos\IPLACEX\2024\PROYECTO_TITULO\app\mdappclientv2\backend\authentication\views.py changed, reloading.
Watching for file changes with StatReloader
Rutas cargadas: [<URLPattern 'generate-csrf/' [name='generate-csrf']>, <URLResolver <URLPattern list> (None:None) '/'>, <URLPattern 'login/' [name='user_login']>, <URLPattern 'user-info/' [name='user-info']>, <URLPattern 'logout/' [name='user_logout']>, <URLPattern 'user-details/' [name='user_details']>, <URLPattern 'usuario/' [name='usuario-list']>, <URLPattern 'personal/' [name='personal-list']>, <URLPattern 'direccion/' [name='direccion-list']>, <URLPattern 'obtener-datos-combinados/' [name='obtener_datos_combinados']>]
Forbidden: /api/auth//direccion/
Forbidden (CSRF cookie not set.): /api/auth/direccion/
Forbidden (CSRF cookie not set.): /api/auth/direccion/
Forbidden (CSRF cookie not set.): /api/auth/direccion/
C:\Users\nsque\OneDrive\Documentos\IPLACEX\2024\PROYECTO_TITULO\app\mdappclientv2\backend\backend\settings.py changed, reloading.
Watching for file changes with StatReloader
Rutas cargadas: [<URLPattern 'generate-csrf/' [name='generate-csrf']>, <URLResolver <URLPattern list> (None:None) '/'>, <URLPattern 'login/' [name='user_login']>, <URLPattern 'user-info/' [name='user-info']>, <URLPattern 'logout/' [name='user_logout']>, <URLPattern 'user-details/' [name='user_details']>, <URLPattern 'usuario/' [name='usuario-list']>, <URLPattern 'personal/' [name='personal-list']>, <URLPattern 'direccion/' [name='direccion-list']>, <URLPattern 'obtener-datos-combinados/' [name='obtener_datos_combinados']>]
C:\Users\nsque\OneDrive\Documentos\IPLACEX\2024\PROYECTO_TITULO\app\mdappclientv2\backend\authentication\views.py changed, reloading.
Watching for file changes with StatReloader
Rutas cargadas: [<URLPattern 'generate-csrf/' [name='generate-csrf']>, <URLResolver <URLPattern list> (None:None) '/'>, <URLPattern 'login/' [name='user_login']>, <URLPattern 'user-info/' [name='user-info']>, <URLPattern 'logout/' [name='user_logout']>, <URLPattern 'user-details/' [name='user_details']>, <URLPattern 'usuario/' [name='usuario-list']>, <URLPattern 'personal/' [name='personal-list']>, <URLPattern 'direccion/' [name='direccion-list']>, <URLPattern 'obtener-datos-combinados/' [name='obtener_datos_combinados']>]
Forbidden (CSRF cookie not set.): /api/auth/direccion/
C:\Users\nsque\OneDrive\Documentos\IPLACEX\2024\PROYECTO_TITULO\app\mdappclientv2\backend\authentication\views.py changed, reloading.
Watching for file changes with StatReloader
Rutas cargadas: [<URLPattern 'generate-csrf/' [name='generate-csrf']>, <URLResolver <URLPattern list> (None:None) '/'>, <URLPattern 'login/' [name='user_login']>, <URLPattern 'user-info/' [name='user-info']>, <URLPattern 'logout/' [name='user_logout']>, <URLPattern 'user-details/' [name='user_details']>, <URLPattern 'usuario/' [name='usuario-list']>, <URLPattern 'personal/' [name='personal-list']>, <URLPattern 'direccion/' [name='direccion-list']>, <URLPattern 'obtener-datos-combinados/' [name='obtener_datos_combinados']>]
Forbidden (CSRF cookie not set.): /api/auth/direccion/
Forbidden (Origin checking failed - http://localhost:3000 does not match any trusted origins.): /api/auth/direccion/
Forbidden (Origin checking failed - http://localhost:3000 does not match any trusted origins.): /api/auth/direccion/
Forbidden (Origin checking failed - http://localhost:3000 does not match any trusted origins.): /api/auth/direccion/
Forbidden (Origin checking failed - http://localhost:3000 does not match any trusted origins.): /api/auth/direccion/
C:\Users\nsque\OneDrive\Documentos\IPLACEX\2024\PROYECTO_TITULO\app\mdappclientv2\backend\backend\settings.py changed, reloading.
Watching for file changes with StatReloader
Rutas cargadas: [<URLPattern 'generate-csrf/' [name='generate-csrf']>, <URLResolver <URLPattern list> (None:None) '/'>, <URLPattern 'login/' [name='user_login']>, <URLPattern 'user-info/' [name='user-info']>, <URLPattern 'logout/' [name='user_logout']>, <URLPattern 'user-details/' [name='user_details']>, <URLPattern 'usuario/' [name='usuario-list']>, <URLPattern 'personal/' [name='personal-list']>, <URLPattern 'direccion/' [name='direccion-list']>, <URLPattern 'obtener-datos-combinados/' [name='obtener_datos_combinados']>]
C:\Users\nsque\OneDrive\Documentos\IPLACEX\2024\PROYECTO_TITULO\app\mdappclientv2\backend\backend\settings.py changed, reloading.
Watching for file changes with StatReloader
Rutas cargadas: [<URLPattern 'generate-csrf/' [name='generate-csrf']>, <URLResolver <URLPattern list> (None:None) '/'>, <URLPattern 'login/' [name='user_login']>, <URLPattern 'user-info/' [name='user-info']>, <URLPattern 'logout/' [name='user_logout']>, <URLPattern 'user-details/' [name='user_details']>, <URLPattern 'usuario/' [name='usuario-list']>, <URLPattern 'personal/' [name='personal-list']>, <URLPattern 'direccion/' [name='direccion-list']>, <URLPattern 'obtener-datos-combinados/' [name='obtener_datos_combinados']>]
Forbidden (CSRF cookie not set.): /api/auth/direccion/
C:\Users\nsque\OneDrive\Documentos\IPLACEX\2024\PROYECTO_TITULO\app\mdappclientv2\backend\backend\settings.py changed, reloading.
Watching for file changes with StatReloader
Rutas cargadas: [<URLPattern 'generate-csrf/' [name='generate-csrf']>, <URLResolver <URLPattern list> (None:None) '/'>, <URLPattern 'login/' [name='user_login']>, <URLPattern 'user-info/' [name='user-info']>, <URLPattern 'logout/' [name='user_logout']>, <URLPattern 'user-details/' [name='user_details']>, <URLPattern 'usuario/' [name='usuario-list']>, <URLPattern 'personal/' [name='personal-list']>, <URLPattern 'direccion/' [name='direccion-list']>, <URLPattern 'obtener-datos-combinados/' [name='obtener_datos_combinados']>]
Watching for file changes with StatReloader
Rutas cargadas: [<URLPattern 'generate-csrf/' [name='generate-csrf']>, <URLResolver <URLPattern list> (None:None) '/'>, <URLPattern 'login/' [name='user_login']>, <URLPattern 'user-info/' [name='user-info']>, <URLPattern 'logout/' [name='user_logout']>, <URLPattern 'user-details/' [name='user_details']>, <URLPattern 'usuario/' [name='usuario-list']>, <URLPattern 'personal/' [name='personal-list']>, <URLPattern 'direccion/' [name='direccion-list']>, <URLPattern 'obtener-datos-combinados/' [name='obtener_datos_combinados']>]
Forbidden (CSRF cookie not set.): /api/auth/direccion/
Forbidden (CSRF cookie not set.): /api/auth/direccion/
Watching for file changes with StatReloader
Rutas cargadas: [<URLPattern 'generate-csrf/' [name='generate-csrf']>, <URLResolver <URLPattern list> (None:None) '/'>, <URLPattern 'login/' [name='user_login']>, <URLPattern 'user-info/' [name='user-info']>, <URLPattern 'logout/' [name='user_logout']>, <URLPattern 'user-details/' [name='user_details']>, <URLPattern 'usuario/' [name='usuario-list']>, <URLPattern 'personal/' [name='personal-list']>, <URLPattern 'direccion/' [name='direccion-list']>, <URLPattern 'obtener-datos-combinados/' [name='obtener_datos_combinados']>]
C:\Users\nsque\OneDrive\Documentos\IPLACEX\2024\PROYECTO_TITULO\app\mdappclientv2\backend\authentication\views.py changed, reloading.
Watching for file changes with StatReloader
Rutas cargadas: [<URLPattern 'generate-csrf/' [name='generate-csrf']>, <URLResolver <URLPattern list> (None:None) '/'>, <URLPattern 'login/' [name='user_login']>, <URLPattern 'user-info/' [name='user-info']>, <URLPattern 'logout/' [name='user_logout']>, <URLPattern 'user-details/' [name='user_details']>, <URLPattern 'usuario/' [name='usuario-list']>, <URLPattern 'personal/' [name='personal-list']>, <URLPattern 'direccion/' [name='direccion-list']>, <URLPattern 'obtener-datos-combinados/' [name='obtener_datos_combinados']>]
Forbidden (CSRF cookie not set.): /api/auth/direccion/
Forbidden (CSRF cookie not set.): /api/auth/direccion/1/
Bad Request: /api/auth//usuario/
Forbidden (CSRF cookie not set.): /api/auth/direccion/
Forbidden: /api/auth//direccion/
Forbidden: /api/auth//direccion/
Forbidden (CSRF cookie not set.): /api/auth/direccion/
Forbidden (CSRF cookie not set.): /api/auth/direccion/
Forbidden (CSRF cookie not set.): /api/auth/direccion/
Usuarios recuperados: [{'password': 'pbkdf2_sha256$870000$Wca2Yejg5UgY8MXZZq3EDA$h4KDtjS3vFOaYpwU2bsd/wZUwiCeR95RUGfC+i0Meew=', 'last_login': datetime.datetime(2024, 11, 16, 12, 39, 30, 779000, tzinfo=datetime.timezone.utc), 'id_usuario': 1, 'nom_usuario': 'fsuarez', 'hk_contrasena': '', 'id_personal_id': 3, 'estado': 'Activo', 'is_active': True, 'is_staff': True, 'is_superuser': True}, {'password': 'pbkdf2_sha256$870000$018lPUaAx6SfRgGgwhEnHb$th7fL/at5UU/d7GXrXEdbQCDXeA3j3rShyGRD9NYh74=', 'last_login': datetime.datetime(2024, 11, 16, 12, 36, 11, 488000, tzinfo=datetime.timezone.utc), 'id_usuario': 2, 'nom_usuario': 'fsotelo', 'hk_contrasena': '', 'id_personal_id': 1, 'estado': 'Activo', 'is_active': True, 'is_staff': True, 'is_superuser': True}, {'password': 'pbkdf2_sha256$870000$64MbdR77WvkllknkO0MjLM$LQqjpJBWmDRA7xP9a12iZgzKhYWRtwHZo6ejd/ACyUo=', 'last_login': datetime.datetime(2024, 11, 19, 17, 47, 11, 506478, tzinfo=datetime.timezone.utc), 'id_usuario': 6, 'nom_usuario': 'jperez', 'hk_contrasena': '', 'id_personal_id': 4, 'estado': 'Activo', 'is_active': True, 'is_staff': False, 'is_superuser': False}, {'password': 'pbkdf2_sha256$870000$Ct9X4ZrE7ehmJvFWj2Wbr4$1yndzRSQGclQcU6p3TEqwg5oFFqHzZQhuHjOua8lAW0=', 'last_login': None, 'id_usuario': 8, 'nom_usuario': 'xmejias', 'hk_contrasena': '', 'id_personal_id': 18, 'estado': 'Activo', 'is_active': True, 'is_staff': False, 'is_superuser': False}, {'password': 'pbkdf2_sha256$870000$ty8zM3WvoL63I2fUzYYzKx$2HXENlmCiAyA5Y1pAhDFyCh8ZiXhRfWKh083eR2MJnQ=', 'last_login': datetime.datetime(2024, 11, 21, 11, 4, 31, 612282, tzinfo=datetime.timezone.utc), 'id_usuario': 3, 'nom_usuario': 'admin', 'hk_contrasena': '', 'id_personal_id': 8, 'estado': 'Activo', 'is_active': True, 'is_staff': True, 'is_superuser': True}]
Usuarios recuperados: [{'password': 'pbkdf2_sha256$870000$Wca2Yejg5UgY8MXZZq3EDA$h4KDtjS3vFOaYpwU2bsd/wZUwiCeR95RUGfC+i0Meew=', 'last_login': datetime.datetime(2024, 11, 16, 12, 39, 30, 779000, tzinfo=datetime.timezone.utc), 'id_usuario': 1, 'nom_usuario': 'fsuarez', 'hk_contrasena': '', 'id_personal_id': 3, 'estado': 'Activo', 'is_active': True, 'is_staff': True, 'is_superuser': True}, {'password': 'pbkdf2_sha256$870000$018lPUaAx6SfRgGgwhEnHb$th7fL/at5UU/d7GXrXEdbQCDXeA3j3rShyGRD9NYh74=', 'last_login': datetime.datetime(2024, 11, 16, 12, 36, 11, 488000, tzinfo=datetime.timezone.utc), 'id_usuario': 2, 'nom_usuario': 'fsotelo', 'hk_contrasena': '', 'id_personal_id': 1, 'estado': 'Activo', 'is_active': True, 'is_staff': True, 'is_superuser': True}, {'password': 'pbkdf2_sha256$870000$64MbdR77WvkllknkO0MjLM$LQqjpJBWmDRA7xP9a12iZgzKhYWRtwHZo6ejd/ACyUo=', 'last_login': datetime.datetime(2024, 11, 19, 17, 47, 11, 506478, tzinfo=datetime.timezone.utc), 'id_usuario': 6, 'nom_usuario': 'jperez', 'hk_contrasena': '', 'id_personal_id': 4, 'estado': 'Activo', 'is_active': True, 'is_staff': False, 'is_superuser': False}, {'password': 'pbkdf2_sha256$870000$Ct9X4ZrE7ehmJvFWj2Wbr4$1yndzRSQGclQcU6p3TEqwg5oFFqHzZQhuHjOua8lAW0=', 'last_login': None, 'id_usuario': 8, 'nom_usuario': 'xmejias', 'hk_contrasena': '', 'id_personal_id': 18, 'estado': 'Activo', 'is_active': True, 'is_staff': False, 'is_superuser': False}, {'password': 'pbkdf2_sha256$870000$ty8zM3WvoL63I2fUzYYzKx$2HXENlmCiAyA5Y1pAhDFyCh8ZiXhRfWKh083eR2MJnQ=', 'last_login': datetime.datetime(2024, 11, 21, 11, 4, 31, 612282, tzinfo=datetime.timezone.utc), 'id_usuario': 3, 'nom_usuario': 'admin', 'hk_contrasena': '', 'id_personal_id': 8, 'estado': 'Activo', 'is_active': True, 'is_staff': True, 'is_superuser': True}]
Forbidden (CSRF cookie not set.): /api/auth/direccion/5/
Forbidden (CSRF cookie not set.): /api/auth/direccion/
C:\Users\nsque\OneDrive\Documentos\IPLACEX\2024\PROYECTO_TITULO\app\mdappclientv2\backend\backend\settings.py changed, reloading.
Watching for file changes with StatReloader
Rutas cargadas: [<URLPattern 'generate-csrf/' [name='generate-csrf']>, <URLResolver <URLPattern list> (None:None) '/'>, <URLPattern 'login/' [name='user_login']>, <URLPattern 'user-info/' [name='user-info']>, <URLPattern 'logout/' [name='user_logout']>, <URLPattern 'user-details/' [name='user_details']>, <URLPattern 'usuario/' [name='usuario-list']>, <URLPattern 'personal/' [name='personal-list']>, <URLPattern 'direccion/' [name='direccion-list']>, <URLPattern 'obtener-datos-combinados/' [name='obtener_datos_combinados']>]
